2026-04-04 13:23:19 INFO  [Main] ═══ Приложение «Больница» запущено ═══
2026-04-04 13:28:31 INFO  [Main] ═══ Приложение «Больница» запущено ═══
2026-04-04 13:28:44 INFO  [Main] ═══ Приложение «Больница» запущено ═══
2026-04-04 13:28:53 INFO  [Main] ═══ Приложение «Больница» запущено ═══
2026-04-04 13:28:58 WARN  [HospitalManager] Попытка просмотра пустого списка
2026-04-04 13:29:29 INFO  [HospitalManager] Добавлен пациент: Владислав
2026-04-04 13:30:08 INFO  [HospitalManager] Добавлен врач: Медведев Михаил Алексеевич
2026-04-04 13:30:36 INFO  [HospitalManager] Добавлена медсестра: Милана Жена Тимура
2026-04-04 13:30:40 INFO  [HospitalManager] Просмотр всех записей. Кол-во: 3
2026-04-04 13:30:52 INFO  [HospitalManager] Просмотр всех записей. Кол-во: 3
2026-04-04 13:31:02 WARN  [Main] Неверная попытка входа администратора
2026-04-04 13:32:05 INFO  [Main] Успешный вход администратора
2026-04-04 13:32:05 INFO  [HospitalManager] Просмотр всех записей. Кол-во: 3
2026-04-04 13:32:10 INFO  [HospitalManager] Удалена запись: Милана Жена Тимура [com.hospital.Nurse]
2026-04-04 13:32:23 INFO  [HospitalManager] Просмотр статистики
2026-04-04 13:32:33 INFO  [HospitalManager] Данные сохранены в файл. Записей: 2
2026-04-04 16:49:09 INFO  [Main] ═══ Приложение «Больница» запущено ═══
2026-04-04 17:10:17 INFO  [Main] ═══ Приложение «Больница» запущено ═══
2026-04-04 17:10:46 INFO  [Main] ═══ Приложение «Больница» запущено ═══
2026-04-04 17:11:11 INFO  [HospitalManager] Добавлен пациент: Бачило Владисдав
2026-04-04 19:21:35 INFO  [HospitalManager] Просмотр всех записей. Кол-во: 1
2026-04-07 00:57:01 INFO  [Main] ═══ Приложение «Больница» запущено ═══
